<?xml version="1.0" encoding="UTF-8"?>
<!-- Generated by org.testng.reporters.JUnitReportReporter -->
<testsuite hostname="DESKTOP-T0UDG4R" failures="0" tests="2" name="purchaseOrderTest.CreateOrgTest" time="0.030" errors="0" timestamp="2022-01-19T06:05:31 IST" skipped="0">
  <testcase classname="purchaseOrderTest.CreateOrgTest" name="createContactTest" time="0.026"/>
  <system-out/>
  <testcase classname="purchaseOrderTest.CreateOrgTest" name="createOrgTest" time="0.004"/>
  <system-out/>
</testsuite> <!-- purchaseOrderTest.CreateOrgTest -->
