<?xml version="1.0" encoding="UTF-8"?>
<!-- Generated by org.testng.reporters.JUnitReportReporter -->
<testsuite hostname="DESKTOP-T0UDG4R" failures="0" tests="2" name="practise.CreateContactTest$CreatecomtactTest" time="0.031" errors="0" timestamp="2022-01-19T07:20:15 IST" skipped="0">
  <testcase classname="practise.CreateContactTest$CreatecomtactTest" name="createcontactTest" time="0.025"/>
  <system-out/>
  <testcase classname="practise.CreateContactTest$CreatecomtactTest" name="modifycontactTest" time="0.006"/>
  <system-out/>
</testsuite> <!-- practise.CreateContactTest$CreatecomtactTest -->
