<?xml version="1.0" encoding="UTF-8"?>
<!-- Generated by org.testng.reporters.JUnitReportReporter -->
<testsuite hostname="DESKTOP-T0UDG4R" failures="0" tests="2" name="practice.CreateOrgTest" time="0.045" errors="0" timestamp="2022-01-19T07:11:02 IST" skipped="0">
  <testcase classname="practice.CreateOrgTest" name="createOrgTest" time="0.010"/>
  <system-out/>
  <testcase classname="practice.CreateOrgTest" name="createContactTest" time="0.035"/>
  <system-out/>
</testsuite> <!-- practice.CreateOrgTest -->
