<?xml version="1.0" encoding="UTF-8"?>
<!-- Generated by org.testng.reporters.JUnitReportReporter -->
<testsuite hostname="DESKTOP-T0UDG4R" failures="0" tests="2" name="practise.CreateContactTest" time="0.025" errors="0" timestamp="2022-01-19T07:20:56 IST" skipped="0">
  <testcase classname="practise.CreateContactTest" name="createcontactTest" time="0.021"/>
  <system-out/>
  <testcase classname="practise.CreateContactTest" name="modifycontactTest" time="0.004"/>
  <system-out/>
</testsuite> <!-- practise.CreateContactTest -->
